2020.07.10 16:15:51 INFO  started: Metals version 0.9.1 in workspace '/home/makashima/Documents/code/grogon-back'
2020.07.10 16:15:56 INFO  time: initialize in 4.83s
2020.07.10 16:16:01 WARN  no build tool detected in workspace '/home/makashima/Documents/code/grogon-back'. The most common cause for this problem is that the editor was opened in the wrong working directory, for example if you use sbt then the workspace directory should contain build.sbt. 
Jul 10, 2020 7:09:41 PM org.eclipse.lsp4j.jsonrpc.services.GenericEndpoint notify
INFO: Unsupported notification method: $/setTraceNotification
2020.07.11 08:41:10 INFO  started: Metals version 0.9.1 in workspace '/home/makashima/Documents/code/grogon-back'
2020.07.11 08:41:12 INFO  time: initialize in 1.92s
2020.07.11 08:41:19 WARN  no build tool detected in workspace '/home/makashima/Documents/code/grogon-back'. The most common cause for this problem is that the editor was opened in the wrong working directory, for example if you use sbt then the workspace directory should contain build.sbt. 
2020.07.11 08:49:53 INFO  shutting down Metals
2020.07.13 10:28:45 INFO  started: Metals version 0.9.1 in workspace '/home/makashima/Documents/code/grogon-back'
2020.07.13 10:28:48 INFO  time: initialize in 2.7s
2020.07.13 10:28:51 WARN  no build tool detected in workspace '/home/makashima/Documents/code/grogon-back'. The most common cause for this problem is that the editor was opened in the wrong working directory, for example if you use sbt then the workspace directory should contain build.sbt. 
2020.07.15 22:21:36 INFO  started: Metals version 0.9.2 in workspace '/home/makashima/Documents/code/grogon-back' for client vscode.
2020.07.15 22:21:38 INFO  time: initialize in 1.89s
2020.07.15 22:21:43 WARN  no build tool detected in workspace '/home/makashima/Documents/code/grogon-back'. The most common cause for this problem is that the editor was opened in the wrong working directory, for example if you use sbt then the workspace directory should contain build.sbt. 
2020.07.15 22:33:26 INFO  shutting down Metals
2020.07.18 20:00:56 INFO  started: Metals version 0.9.2 in workspace '/home/makashima/Documents/code/grogon-back' for client vscode.
2020.07.18 20:00:58 INFO  time: initialize in 2.45s
2020.07.18 20:01:00 WARN  no build tool detected in workspace '/home/makashima/Documents/code/grogon-back'. The most common cause for this problem is that the editor was opened in the wrong working directory, for example if you use sbt then the workspace directory should contain build.sbt. 
2020.07.20 05:38:35 INFO  started: Metals version 0.9.2 in workspace '/home/makashima/Documents/code/grogon-back' for client vscode.
2020.07.20 05:38:40 INFO  time: initialize in 4.66s
2020.07.20 05:38:51 WARN  no build tool detected in workspace '/home/makashima/Documents/code/grogon-back'. The most common cause for this problem is that the editor was opened in the wrong working directory, for example if you use sbt then the workspace directory should contain build.sbt. 
2020.07.20 13:06:03 INFO  started: Metals version 0.9.2 in workspace '/home/makashima/Documents/code/grogon-back' for client vscode.
2020.07.20 13:06:06 INFO  time: initialize in 2.64s
2020.07.20 13:06:29 WARN  no build tool detected in workspace '/home/makashima/Documents/code/grogon-back'. The most common cause for this problem is that the editor was opened in the wrong working directory, for example if you use sbt then the workspace directory should contain build.sbt. 
Jul 20, 2020 1:45:24 PM org.eclipse.lsp4j.jsonrpc.services.GenericEndpoint notify
INFO: Unsupported notification method: $/setTraceNotification
Jul 20, 2020 1:45:27 PM org.eclipse.lsp4j.jsonrpc.services.GenericEndpoint notify
INFO: Unsupported notification method: $/setTraceNotification
2020.07.20 13:45:34 INFO  shutting down Metals
2020.07.20 14:21:56 INFO  started: Metals version 0.9.2 in workspace '/home/makashima/Documents/code/grogon-back' for client vscode.
2020.07.20 14:21:58 INFO  time: initialize in 1.94s
2020.07.20 14:22:00 WARN  no build tool detected in workspace '/home/makashima/Documents/code/grogon-back'. The most common cause for this problem is that the editor was opened in the wrong working directory, for example if you use sbt then the workspace directory should contain build.sbt. 
2020.07.20 14:25:40 INFO  shutting down Metals
